[2016-04-16 13:42:10] local.ERROR: exception 'ErrorException' with message 'Use of undefined constant MovieController - assumed 'MovieController'' in C:\Users\christian\Desktop\test\rackcode\app\Http\routes.php:24
Stack trace:
#0 C:\Users\christian\Desktop\test\rackcode\app\Http\routes.php(24): Illuminate\Foundation\Bootstrap\HandleExceptions->handleError(8, 'Use of undefine...', 'C:\\Users\\christ...', 24, Array)
#1 C:\Users\christian\Desktop\test\rackcode\app\Providers\RouteServiceProvider.php(58): require('C:\\Users\\christ...')
#2 [internal function]: App\Providers\RouteServiceProvider->App\Providers\{closure}(Object(Illuminate\Routing\Router))
#3 C:\Users\christian\Desktop\test\rackcode\vendor\laravel\framework\src\Illuminate\Routing\Router.php(398): call_user_func(Object(Closure), Object(Illuminate\Routing\Router))
#4 C:\Users\christian\Desktop\test\rackcode\app\Providers\RouteServiceProvider.php(59): Illuminate\Routing\Router->group(Array, Object(Closure))
#5 C:\Users\christian\Desktop\test\rackcode\app\Providers\RouteServiceProvider.php(40): App\Providers\RouteServiceProvider->mapWebRoutes(Object(Illuminate\Routing\Router))
#6 [internal function]: App\Providers\RouteServiceProvider->map(Object(Illuminate\Routing\Router))
#7 C:\Users\christian\Desktop\test\rackcode\vendor\laravel\framework\src\Illuminate\Container\Container.php(507): call_user_func_array(Array, Array)
#8 C:\Users\christian\Desktop\test\rackcode\vendor\laravel\framework\src\Illuminate\Foundation\Support\Providers\RouteServiceProvider.php(72): Illuminate\Container\Container->call(Array)
#9 C:\Users\christian\Desktop\test\rackcode\vendor\laravel\framework\src\Illuminate\Foundation\Support\Providers\RouteServiceProvider.php(31): Illuminate\Foundation\Support\Providers\RouteServiceProvider->loadRoutes()
#10 C:\Users\christian\Desktop\test\rackcode\app\Providers\RouteServiceProvider.php(29): Illuminate\Foundation\Support\Providers\RouteServiceProvider->boot(Object(Illuminate\Routing\Router))
#11 [internal function]: App\Providers\RouteServiceProvider->boot(Object(Illuminate\Routing\Router))
#12 C:\Users\christian\Desktop\test\rackcode\vendor\laravel\framework\src\Illuminate\Container\Container.php(507): call_user_func_array(Array, Array)
#13 C:\Users\christian\Desktop\test\rackcode\vendor\laravel\framework\src\Illuminate\Foundation\Application.php(757): Illuminate\Container\Container->call(Array)
#14 C:\Users\christian\Desktop\test\rackcode\vendor\laravel\framework\src\Illuminate\Foundation\Application.php(740): Illuminate\Foundation\Application->bootProvider(Object(App\Providers\RouteServiceProvider))
#15 [internal function]: Illuminate\Foundation\Application->Illuminate\Foundation\{closure}(Object(App\Providers\RouteServiceProvider), 14)
#16 C:\Users\christian\Desktop\test\rackcode\vendor\laravel\framework\src\Illuminate\Foundation\Application.php(741): array_walk(Array, Object(Closure))
#17 C:\Users\christian\Desktop\test\rackcode\vendor\laravel\framework\src\Illuminate\Foundation\Bootstrap\BootProviders.php(17): Illuminate\Foundation\Application->boot()
#18 C:\Users\christian\Desktop\test\rackcode\vendor\laravel\framework\src\Illuminate\Foundation\Application.php(203): Illuminate\Foundation\Bootstrap\BootProviders->bootstrap(Object(Illuminate\Foundation\Application))
#19 C:\Users\christian\Desktop\test\rackcode\vendor\laravel\framework\src\Illuminate\Foundation\Console\Kernel.php(208): Illuminate\Foundation\Application->bootstrapWith(Array)
#20 C:\Users\christian\Desktop\test\rackcode\vendor\laravel\framework\src\Illuminate\Foundation\Console\Kernel.php(105): Illuminate\Foundation\Console\Kernel->bootstrap()
#21 C:\Users\christian\Desktop\test\rackcode\artisan(36): Illuminate\Foundation\Console\Kernel->handle(Object(Symfony\Component\Console\Input\ArgvInput), Object(Symfony\Component\Console\Output\ConsoleOutput))
#22 {main}  
[2016-04-16 14:00:20] local.ERROR: exception 'Symfony\Component\Debug\Exception\FatalErrorException' with message 'syntax error, unexpected '}'' in C:\Users\christian\Desktop\test\rackcode\app\Http\Controllers\MovieController.php:29
Stack trace:
#0 {main}  
[2016-04-16 14:00:38] local.ERROR: exception 'Symfony\Component\Debug\Exception\FatalErrorException' with message 'syntax error, unexpected '}'' in C:\Users\christian\Desktop\test\rackcode\app\Http\Controllers\MovieController.php:29
Stack trace:
#0 {main}  
[2016-04-16 14:00:59] local.ERROR: exception 'Symfony\Component\Debug\Exception\FatalErrorException' with message 'syntax error, unexpected '}'' in C:\Users\christian\Desktop\test\rackcode\app\Http\Controllers\MovieController.php:29
Stack trace:
#0 {main}  
[2016-04-16 18:11:06] local.ERROR: exception 'PDOException' with message 'SQLSTATE[HY000] [1045] Access denied for user 'homestead'@'localhost' (using password: YES)' in C:\Users\christian\Desktop\test\rackcode\vendor\laravel\framework\src\Illuminate\Database\Connectors\Connector.php:55
Stack trace:
#0 C:\Users\christian\Desktop\test\rackcode\vendor\laravel\framework\src\Illuminate\Database\Connectors\Connector.php(55): PDO->__construct('mysql:host=127....', 'homestead', 'secret', Array)
#1 C:\Users\christian\Desktop\test\rackcode\vendor\laravel\framework\src\Illuminate\Database\Connectors\MySqlConnector.php(24): Illuminate\Database\Connectors\Connector->createConnection('mysql:host=127....', Array, Array)
#2 C:\Users\christian\Desktop\test\rackcode\vendor\laravel\framework\src\Illuminate\Database\Connectors\ConnectionFactory.php(61): Illuminate\Database\Connectors\MySqlConnector->connect(Array)
#3 [internal function]: Illuminate\Database\Connectors\ConnectionFactory->Illuminate\Database\Connectors\{closure}()
#4 C:\Users\christian\Desktop\test\rackcode\vendor\laravel\framework\src\Illuminate\Database\Connection.php(868): call_user_func(Object(Closure))
#5 C:\Users\christian\Desktop\test\rackcode\vendor\laravel\framework\src\Illuminate\Database\Connection.php(736): Illuminate\Database\Connection->getPdo()
#6 C:\Users\christian\Desktop\test\rackcode\vendor\laravel\framework\src\Illuminate\Database\Connection.php(621): Illuminate\Database\Connection->reconnectIfMissingConnection()
#7 C:\Users\christian\Desktop\test\rackcode\vendor\laravel\framework\src\Illuminate\Database\Connection.php(342): Illuminate\Database\Connection->run('select * from i...', Array, Object(Closure))
#8 C:\Users\christian\Desktop\test\rackcode\vendor\laravel\framework\src\Illuminate\Database\Schema\MySqlBuilder.php(21): Illuminate\Database\Connection->select('select * from i...', Array)
#9 C:\Users\christian\Desktop\test\rackcode\vendor\laravel\framework\src\Illuminate\Database\Migrations\DatabaseMigrationRepository.php(141): Illuminate\Database\Schema\MySqlBuilder->hasTable('migrations')
#10 C:\Users\christian\Desktop\test\rackcode\vendor\laravel\framework\src\Illuminate\Database\Migrations\Migrator.php(405): Illuminate\Database\Migrations\DatabaseMigrationRepository->repositoryExists()
#11 C:\Users\christian\Desktop\test\rackcode\vendor\laravel\framework\src\Illuminate\Database\Console\Migrations\MigrateCommand.php(103): Illuminate\Database\Migrations\Migrator->repositoryExists()
#12 C:\Users\christian\Desktop\test\rackcode\vendor\laravel\framework\src\Illuminate\Database\Console\Migrations\MigrateCommand.php(58): Illuminate\Database\Console\Migrations\MigrateCommand->prepareDatabase()
#13 [internal function]: Illuminate\Database\Console\Migrations\MigrateCommand->fire()
#14 C:\Users\christian\Desktop\test\rackcode\vendor\laravel\framework\src\Illuminate\Container\Container.php(507): call_user_func_array(Array, Array)
#15 C:\Users\christian\Desktop\test\rackcode\vendor\laravel\framework\src\Illuminate\Console\Command.php(169): Illuminate\Container\Container->call(Array)
#16 C:\Users\christian\Desktop\test\rackcode\vendor\symfony\console\Command\Command.php(256): Illuminate\Console\Command->execute(Object(Symfony\Component\Console\Input\ArgvInput), Object(Symfony\Component\Console\Output\ConsoleOutput))
#17 C:\Users\christian\Desktop\test\rackcode\vendor\laravel\framework\src\Illuminate\Console\Command.php(155): Symfony\Component\Console\Command\Command->run(Object(Symfony\Component\Console\Input\ArgvInput), Object(Symfony\Component\Console\Output\ConsoleOutput))
#18 C:\Users\christian\Desktop\test\rackcode\vendor\symfony\console\Application.php(791): Illuminate\Console\Command->run(Object(Symfony\Component\Console\Input\ArgvInput), Object(Symfony\Component\Console\Output\ConsoleOutput))
#19 C:\Users\christian\Desktop\test\rackcode\vendor\symfony\console\Application.php(186): Symfony\Component\Console\Application->doRunCommand(Object(Illuminate\Database\Console\Migrations\MigrateCommand), Object(Symfony\Component\Console\Input\ArgvInput), Object(Symfony\Component\Console\Output\ConsoleOutput))
#20 C:\Users\christian\Desktop\test\rackcode\vendor\symfony\console\Application.php(117): Symfony\Component\Console\Application->doRun(Object(Symfony\Component\Console\Input\ArgvInput), Object(Symfony\Component\Console\Output\ConsoleOutput))
#21 C:\Users\christian\Desktop\test\rackcode\vendor\laravel\framework\src\Illuminate\Foundation\Console\Kernel.php(107): Symfony\Component\Console\Application->run(Object(Symfony\Component\Console\Input\ArgvInput), Object(Symfony\Component\Console\Output\ConsoleOutput))
#22 C:\Users\christian\Desktop\test\rackcode\artisan(36): Illuminate\Foundation\Console\Kernel->handle(Object(Symfony\Component\Console\Input\ArgvInput), Object(Symfony\Component\Console\Output\ConsoleOutput))
#23 {main}  
[2016-04-16 18:11:41] local.ERROR: exception 'PDOException' with message 'SQLSTATE[HY000] [1045] Access denied for user 'homestead'@'localhost' (using password: YES)' in C:\Users\christian\Desktop\test\rackcode\vendor\laravel\framework\src\Illuminate\Database\Connectors\Connector.php:55
Stack trace:
#0 C:\Users\christian\Desktop\test\rackcode\vendor\laravel\framework\src\Illuminate\Database\Connectors\Connector.php(55): PDO->__construct('mysql:host=127....', 'homestead', 'secret', Array)
#1 C:\Users\christian\Desktop\test\rackcode\vendor\laravel\framework\src\Illuminate\Database\Connectors\MySqlConnector.php(24): Illuminate\Database\Connectors\Connector->createConnection('mysql:host=127....', Array, Array)
#2 C:\Users\christian\Desktop\test\rackcode\vendor\laravel\framework\src\Illuminate\Database\Connectors\ConnectionFactory.php(61): Illuminate\Database\Connectors\MySqlConnector->connect(Array)
#3 [internal function]: Illuminate\Database\Connectors\ConnectionFactory->Illuminate\Database\Connectors\{closure}()
#4 C:\Users\christian\Desktop\test\rackcode\vendor\laravel\framework\src\Illuminate\Database\Connection.php(868): call_user_func(Object(Closure))
#5 C:\Users\christian\Desktop\test\rackcode\vendor\laravel\framework\src\Illuminate\Database\Connection.php(736): Illuminate\Database\Connection->getPdo()
#6 C:\Users\christian\Desktop\test\rackcode\vendor\laravel\framework\src\Illuminate\Database\Connection.php(621): Illuminate\Database\Connection->reconnectIfMissingConnection()
#7 C:\Users\christian\Desktop\test\rackcode\vendor\laravel\framework\src\Illuminate\Database\Connection.php(342): Illuminate\Database\Connection->run('select * from i...', Array, Object(Closure))
#8 C:\Users\christian\Desktop\test\rackcode\vendor\laravel\framework\src\Illuminate\Database\Schema\MySqlBuilder.php(21): Illuminate\Database\Connection->select('select * from i...', Array)
#9 C:\Users\christian\Desktop\test\rackcode\vendor\laravel\framework\src\Illuminate\Database\Migrations\DatabaseMigrationRepository.php(141): Illuminate\Database\Schema\MySqlBuilder->hasTable('migrations')
#10 C:\Users\christian\Desktop\test\rackcode\vendor\laravel\framework\src\Illuminate\Database\Migrations\Migrator.php(405): Illuminate\Database\Migrations\DatabaseMigrationRepository->repositoryExists()
#11 C:\Users\christian\Desktop\test\rackcode\vendor\laravel\framework\src\Illuminate\Database\Console\Migrations\MigrateCommand.php(103): Illuminate\Database\Migrations\Migrator->repositoryExists()
#12 C:\Users\christian\Desktop\test\rackcode\vendor\laravel\framework\src\Illuminate\Database\Console\Migrations\MigrateCommand.php(58): Illuminate\Database\Console\Migrations\MigrateCommand->prepareDatabase()
#13 [internal function]: Illuminate\Database\Console\Migrations\MigrateCommand->fire()
#14 C:\Users\christian\Desktop\test\rackcode\vendor\laravel\framework\src\Illuminate\Container\Container.php(507): call_user_func_array(Array, Array)
#15 C:\Users\christian\Desktop\test\rackcode\vendor\laravel\framework\src\Illuminate\Console\Command.php(169): Illuminate\Container\Container->call(Array)
#16 C:\Users\christian\Desktop\test\rackcode\vendor\symfony\console\Command\Command.php(256): Illuminate\Console\Command->execute(Object(Symfony\Component\Console\Input\ArgvInput), Object(Symfony\Component\Console\Output\ConsoleOutput))
#17 C:\Users\christian\Desktop\test\rackcode\vendor\laravel\framework\src\Illuminate\Console\Command.php(155): Symfony\Component\Console\Command\Command->run(Object(Symfony\Component\Console\Input\ArgvInput), Object(Symfony\Component\Console\Output\ConsoleOutput))
#18 C:\Users\christian\Desktop\test\rackcode\vendor\symfony\console\Application.php(791): Illuminate\Console\Command->run(Object(Symfony\Component\Console\Input\ArgvInput), Object(Symfony\Component\Console\Output\ConsoleOutput))
#19 C:\Users\christian\Desktop\test\rackcode\vendor\symfony\console\Application.php(186): Symfony\Component\Console\Application->doRunCommand(Object(Illuminate\Database\Console\Migrations\MigrateCommand), Object(Symfony\Component\Console\Input\ArgvInput), Object(Symfony\Component\Console\Output\ConsoleOutput))
#20 C:\Users\christian\Desktop\test\rackcode\vendor\symfony\console\Application.php(117): Symfony\Component\Console\Application->doRun(Object(Symfony\Component\Console\Input\ArgvInput), Object(Symfony\Component\Console\Output\ConsoleOutput))
#21 C:\Users\christian\Desktop\test\rackcode\vendor\laravel\framework\src\Illuminate\Foundation\Console\Kernel.php(107): Symfony\Component\Console\Application->run(Object(Symfony\Component\Console\Input\ArgvInput), Object(Symfony\Component\Console\Output\ConsoleOutput))
#22 C:\Users\christian\Desktop\test\rackcode\artisan(36): Illuminate\Foundation\Console\Kernel->handle(Object(Symfony\Component\Console\Input\ArgvInput), Object(Symfony\Component\Console\Output\ConsoleOutput))
#23 {main}  
[2016-04-16 18:12:11] local.ERROR: exception 'PDOException' with message 'SQLSTATE[HY000] [1045] Access denied for user 'homestead'@'localhost' (using password: YES)' in C:\Users\christian\Desktop\test\rackcode\vendor\laravel\framework\src\Illuminate\Database\Connectors\Connector.php:55
Stack trace:
#0 C:\Users\christian\Desktop\test\rackcode\vendor\laravel\framework\src\Illuminate\Database\Connectors\Connector.php(55): PDO->__construct('mysql:host=127....', 'homestead', 'secret', Array)
#1 C:\Users\christian\Desktop\test\rackcode\vendor\laravel\framework\src\Illuminate\Database\Connectors\MySqlConnector.php(24): Illuminate\Database\Connectors\Connector->createConnection('mysql:host=127....', Array, Array)
#2 C:\Users\christian\Desktop\test\rackcode\vendor\laravel\framework\src\Illuminate\Database\Connectors\ConnectionFactory.php(61): Illuminate\Database\Connectors\MySqlConnector->connect(Array)
#3 [internal function]: Illuminate\Database\Connectors\ConnectionFactory->Illuminate\Database\Connectors\{closure}()
#4 C:\Users\christian\Desktop\test\rackcode\vendor\laravel\framework\src\Illuminate\Database\Connection.php(868): call_user_func(Object(Closure))
#5 C:\Users\christian\Desktop\test\rackcode\vendor\laravel\framework\src\Illuminate\Database\Connection.php(736): Illuminate\Database\Connection->getPdo()
#6 C:\Users\christian\Desktop\test\rackcode\vendor\laravel\framework\src\Illuminate\Database\Connection.php(621): Illuminate\Database\Connection->reconnectIfMissingConnection()
#7 C:\Users\christian\Desktop\test\rackcode\vendor\laravel\framework\src\Illuminate\Database\Connection.php(342): Illuminate\Database\Connection->run('select * from i...', Array, Object(Closure))
#8 C:\Users\christian\Desktop\test\rackcode\vendor\laravel\framework\src\Illuminate\Database\Schema\MySqlBuilder.php(21): Illuminate\Database\Connection->select('select * from i...', Array)
#9 C:\Users\christian\Desktop\test\rackcode\vendor\laravel\framework\src\Illuminate\Database\Migrations\DatabaseMigrationRepository.php(141): Illuminate\Database\Schema\MySqlBuilder->hasTable('migrations')
#10 C:\Users\christian\Desktop\test\rackcode\vendor\laravel\framework\src\Illuminate\Database\Migrations\Migrator.php(405): Illuminate\Database\Migrations\DatabaseMigrationRepository->repositoryExists()
#11 C:\Users\christian\Desktop\test\rackcode\vendor\laravel\framework\src\Illuminate\Database\Console\Migrations\MigrateCommand.php(103): Illuminate\Database\Migrations\Migrator->repositoryExists()
#12 C:\Users\christian\Desktop\test\rackcode\vendor\laravel\framework\src\Illuminate\Database\Console\Migrations\MigrateCommand.php(58): Illuminate\Database\Console\Migrations\MigrateCommand->prepareDatabase()
#13 [internal function]: Illuminate\Database\Console\Migrations\MigrateCommand->fire()
#14 C:\Users\christian\Desktop\test\rackcode\vendor\laravel\framework\src\Illuminate\Container\Container.php(507): call_user_func_array(Array, Array)
#15 C:\Users\christian\Desktop\test\rackcode\vendor\laravel\framework\src\Illuminate\Console\Command.php(169): Illuminate\Container\Container->call(Array)
#16 C:\Users\christian\Desktop\test\rackcode\vendor\symfony\console\Command\Command.php(256): Illuminate\Console\Command->execute(Object(Symfony\Component\Console\Input\ArgvInput), Object(Symfony\Component\Console\Output\ConsoleOutput))
#17 C:\Users\christian\Desktop\test\rackcode\vendor\laravel\framework\src\Illuminate\Console\Command.php(155): Symfony\Component\Console\Command\Command->run(Object(Symfony\Component\Console\Input\ArgvInput), Object(Symfony\Component\Console\Output\ConsoleOutput))
#18 C:\Users\christian\Desktop\test\rackcode\vendor\symfony\console\Application.php(791): Illuminate\Console\Command->run(Object(Symfony\Component\Console\Input\ArgvInput), Object(Symfony\Component\Console\Output\ConsoleOutput))
#19 C:\Users\christian\Desktop\test\rackcode\vendor\symfony\console\Application.php(186): Symfony\Component\Console\Application->doRunCommand(Object(Illuminate\Database\Console\Migrations\MigrateCommand), Object(Symfony\Component\Console\Input\ArgvInput), Object(Symfony\Component\Console\Output\ConsoleOutput))
#20 C:\Users\christian\Desktop\test\rackcode\vendor\symfony\console\Application.php(117): Symfony\Component\Console\Application->doRun(Object(Symfony\Component\Console\Input\ArgvInput), Object(Symfony\Component\Console\Output\ConsoleOutput))
#21 C:\Users\christian\Desktop\test\rackcode\vendor\laravel\framework\src\Illuminate\Foundation\Console\Kernel.php(107): Symfony\Component\Console\Application->run(Object(Symfony\Component\Console\Input\ArgvInput), Object(Symfony\Component\Console\Output\ConsoleOutput))
#22 C:\Users\christian\Desktop\test\rackcode\artisan(36): Illuminate\Foundation\Console\Kernel->handle(Object(Symfony\Component\Console\Input\ArgvInput), Object(Symfony\Component\Console\Output\ConsoleOutput))
#23 {main}  
[2016-04-16 18:12:38] local.ERROR: exception 'PDOException' with message 'SQLSTATE[HY000] [1045] Access denied for user 'homestead'@'localhost' (using password: YES)' in C:\Users\christian\Desktop\test\rackcode\vendor\laravel\framework\src\Illuminate\Database\Connectors\Connector.php:55
Stack trace:
#0 C:\Users\christian\Desktop\test\rackcode\vendor\laravel\framework\src\Illuminate\Database\Connectors\Connector.php(55): PDO->__construct('mysql:host=127....', 'homestead', 'secret', Array)
#1 C:\Users\christian\Desktop\test\rackcode\vendor\laravel\framework\src\Illuminate\Database\Connectors\MySqlConnector.php(24): Illuminate\Database\Connectors\Connector->createConnection('mysql:host=127....', Array, Array)
#2 C:\Users\christian\Desktop\test\rackcode\vendor\laravel\framework\src\Illuminate\Database\Connectors\ConnectionFactory.php(61): Illuminate\Database\Connectors\MySqlConnector->connect(Array)
#3 [internal function]: Illuminate\Database\Connectors\ConnectionFactory->Illuminate\Database\Connectors\{closure}()
#4 C:\Users\christian\Desktop\test\rackcode\vendor\laravel\framework\src\Illuminate\Database\Connection.php(868): call_user_func(Object(Closure))
#5 C:\Users\christian\Desktop\test\rackcode\vendor\laravel\framework\src\Illuminate\Database\Connection.php(736): Illuminate\Database\Connection->getPdo()
#6 C:\Users\christian\Desktop\test\rackcode\vendor\laravel\framework\src\Illuminate\Database\Connection.php(621): Illuminate\Database\Connection->reconnectIfMissingConnection()
#7 C:\Users\christian\Desktop\test\rackcode\vendor\laravel\framework\src\Illuminate\Database\Connection.php(342): Illuminate\Database\Connection->run('select * from i...', Array, Object(Closure))
#8 C:\Users\christian\Desktop\test\rackcode\vendor\laravel\framework\src\Illuminate\Database\Schema\MySqlBuilder.php(21): Illuminate\Database\Connection->select('select * from i...', Array)
#9 C:\Users\christian\Desktop\test\rackcode\vendor\laravel\framework\src\Illuminate\Database\Migrations\DatabaseMigrationRepository.php(141): Illuminate\Database\Schema\MySqlBuilder->hasTable('migrations')
#10 C:\Users\christian\Desktop\test\rackcode\vendor\laravel\framework\src\Illuminate\Database\Migrations\Migrator.php(405): Illuminate\Database\Migrations\DatabaseMigrationRepository->repositoryExists()
#11 C:\Users\christian\Desktop\test\rackcode\vendor\laravel\framework\src\Illuminate\Database\Console\Migrations\MigrateCommand.php(103): Illuminate\Database\Migrations\Migrator->repositoryExists()
#12 C:\Users\christian\Desktop\test\rackcode\vendor\laravel\framework\src\Illuminate\Database\Console\Migrations\MigrateCommand.php(58): Illuminate\Database\Console\Migrations\MigrateCommand->prepareDatabase()
#13 [internal function]: Illuminate\Database\Console\Migrations\MigrateCommand->fire()
#14 C:\Users\christian\Desktop\test\rackcode\vendor\laravel\framework\src\Illuminate\Container\Container.php(507): call_user_func_array(Array, Array)
#15 C:\Users\christian\Desktop\test\rackcode\vendor\laravel\framework\src\Illuminate\Console\Command.php(169): Illuminate\Container\Container->call(Array)
#16 C:\Users\christian\Desktop\test\rackcode\vendor\symfony\console\Command\Command.php(256): Illuminate\Console\Command->execute(Object(Symfony\Component\Console\Input\ArgvInput), Object(Symfony\Component\Console\Output\ConsoleOutput))
#17 C:\Users\christian\Desktop\test\rackcode\vendor\laravel\framework\src\Illuminate\Console\Command.php(155): Symfony\Component\Console\Command\Command->run(Object(Symfony\Component\Console\Input\ArgvInput), Object(Symfony\Component\Console\Output\ConsoleOutput))
#18 C:\Users\christian\Desktop\test\rackcode\vendor\symfony\console\Application.php(791): Illuminate\Console\Command->run(Object(Symfony\Component\Console\Input\ArgvInput), Object(Symfony\Component\Console\Output\ConsoleOutput))
#19 C:\Users\christian\Desktop\test\rackcode\vendor\symfony\console\Application.php(186): Symfony\Component\Console\Application->doRunCommand(Object(Illuminate\Database\Console\Migrations\MigrateCommand), Object(Symfony\Component\Console\Input\ArgvInput), Object(Symfony\Component\Console\Output\ConsoleOutput))
#20 C:\Users\christian\Desktop\test\rackcode\vendor\symfony\console\Application.php(117): Symfony\Component\Console\Application->doRun(Object(Symfony\Component\Console\Input\ArgvInput), Object(Symfony\Component\Console\Output\ConsoleOutput))
#21 C:\Users\christian\Desktop\test\rackcode\vendor\laravel\framework\src\Illuminate\Foundation\Console\Kernel.php(107): Symfony\Component\Console\Application->run(Object(Symfony\Component\Console\Input\ArgvInput), Object(Symfony\Component\Console\Output\ConsoleOutput))
#22 C:\Users\christian\Desktop\test\rackcode\artisan(36): Illuminate\Foundation\Console\Kernel->handle(Object(Symfony\Component\Console\Input\ArgvInput), Object(Symfony\Component\Console\Output\ConsoleOutput))
#23 {main}  
[2016-04-16 18:20:49] local.ERROR: exception 'PDOException' with message 'SQLSTATE[HY000] [1049] Unknown database 'cinema'' in C:\Users\christian\Desktop\test\rackcode\vendor\laravel\framework\src\Illuminate\Database\Connectors\Connector.php:55
Stack trace:
#0 C:\Users\christian\Desktop\test\rackcode\vendor\laravel\framework\src\Illuminate\Database\Connectors\Connector.php(55): PDO->__construct('mysql:host=127....', 'root', 'root', Array)
#1 C:\Users\christian\Desktop\test\rackcode\vendor\laravel\framework\src\Illuminate\Database\Connectors\MySqlConnector.php(24): Illuminate\Database\Connectors\Connector->createConnection('mysql:host=127....', Array, Array)
#2 C:\Users\christian\Desktop\test\rackcode\vendor\laravel\framework\src\Illuminate\Database\Connectors\ConnectionFactory.php(61): Illuminate\Database\Connectors\MySqlConnector->connect(Array)
#3 [internal function]: Illuminate\Database\Connectors\ConnectionFactory->Illuminate\Database\Connectors\{closure}()
#4 C:\Users\christian\Desktop\test\rackcode\vendor\laravel\framework\src\Illuminate\Database\Connection.php(868): call_user_func(Object(Closure))
#5 C:\Users\christian\Desktop\test\rackcode\vendor\laravel\framework\src\Illuminate\Database\Connection.php(736): Illuminate\Database\Connection->getPdo()
#6 C:\Users\christian\Desktop\test\rackcode\vendor\laravel\framework\src\Illuminate\Database\Connection.php(621): Illuminate\Database\Connection->reconnectIfMissingConnection()
#7 C:\Users\christian\Desktop\test\rackcode\vendor\laravel\framework\src\Illuminate\Database\Connection.php(342): Illuminate\Database\Connection->run('select * from i...', Array, Object(Closure))
#8 C:\Users\christian\Desktop\test\rackcode\vendor\laravel\framework\src\Illuminate\Database\Schema\MySqlBuilder.php(21): Illuminate\Database\Connection->select('select * from i...', Array)
#9 C:\Users\christian\Desktop\test\rackcode\vendor\laravel\framework\src\Illuminate\Database\Migrations\DatabaseMigrationRepository.php(141): Illuminate\Database\Schema\MySqlBuilder->hasTable('migrations')
#10 C:\Users\christian\Desktop\test\rackcode\vendor\laravel\framework\src\Illuminate\Database\Migrations\Migrator.php(405): Illuminate\Database\Migrations\DatabaseMigrationRepository->repositoryExists()
#11 C:\Users\christian\Desktop\test\rackcode\vendor\laravel\framework\src\Illuminate\Database\Console\Migrations\MigrateCommand.php(103): Illuminate\Database\Migrations\Migrator->repositoryExists()
#12 C:\Users\christian\Desktop\test\rackcode\vendor\laravel\framework\src\Illuminate\Database\Console\Migrations\MigrateCommand.php(58): Illuminate\Database\Console\Migrations\MigrateCommand->prepareDatabase()
#13 [internal function]: Illuminate\Database\Console\Migrations\MigrateCommand->fire()
#14 C:\Users\christian\Desktop\test\rackcode\vendor\laravel\framework\src\Illuminate\Container\Container.php(507): call_user_func_array(Array, Array)
#15 C:\Users\christian\Desktop\test\rackcode\vendor\laravel\framework\src\Illuminate\Console\Command.php(169): Illuminate\Container\Container->call(Array)
#16 C:\Users\christian\Desktop\test\rackcode\vendor\symfony\console\Command\Command.php(256): Illuminate\Console\Command->execute(Object(Symfony\Component\Console\Input\ArgvInput), Object(Symfony\Component\Console\Output\ConsoleOutput))
#17 C:\Users\christian\Desktop\test\rackcode\vendor\laravel\framework\src\Illuminate\Console\Command.php(155): Symfony\Component\Console\Command\Command->run(Object(Symfony\Component\Console\Input\ArgvInput), Object(Symfony\Component\Console\Output\ConsoleOutput))
#18 C:\Users\christian\Desktop\test\rackcode\vendor\symfony\console\Application.php(791): Illuminate\Console\Command->run(Object(Symfony\Component\Console\Input\ArgvInput), Object(Symfony\Component\Console\Output\ConsoleOutput))
#19 C:\Users\christian\Desktop\test\rackcode\vendor\symfony\console\Application.php(186): Symfony\Component\Console\Application->doRunCommand(Object(Illuminate\Database\Console\Migrations\MigrateCommand), Object(Symfony\Component\Console\Input\ArgvInput), Object(Symfony\Component\Console\Output\ConsoleOutput))
#20 C:\Users\christian\Desktop\test\rackcode\vendor\symfony\console\Application.php(117): Symfony\Component\Console\Application->doRun(Object(Symfony\Component\Console\Input\ArgvInput), Object(Symfony\Component\Console\Output\ConsoleOutput))
#21 C:\Users\christian\Desktop\test\rackcode\vendor\laravel\framework\src\Illuminate\Foundation\Console\Kernel.php(107): Symfony\Component\Console\Application->run(Object(Symfony\Component\Console\Input\ArgvInput), Object(Symfony\Component\Console\Output\ConsoleOutput))
#22 C:\Users\christian\Desktop\test\rackcode\artisan(36): Illuminate\Foundation\Console\Kernel->handle(Object(Symfony\Component\Console\Input\ArgvInput), Object(Symfony\Component\Console\Output\ConsoleOutput))
#23 {main}  
[2016-04-16 18:23:47] local.ERROR: exception 'PDOException' with message 'SQLSTATE[HY000] [1049] Unknown database 'cinema'' in C:\Users\christian\Desktop\test\rackcode\vendor\laravel\framework\src\Illuminate\Database\Connectors\Connector.php:55
Stack trace:
#0 C:\Users\christian\Desktop\test\rackcode\vendor\laravel\framework\src\Illuminate\Database\Connectors\Connector.php(55): PDO->__construct('mysql:host=127....', 'root', 'root', Array)
#1 C:\Users\christian\Desktop\test\rackcode\vendor\laravel\framework\src\Illuminate\Database\Connectors\MySqlConnector.php(24): Illuminate\Database\Connectors\Connector->createConnection('mysql:host=127....', Array, Array)
#2 C:\Users\christian\Desktop\test\rackcode\vendor\laravel\framework\src\Illuminate\Database\Connectors\ConnectionFactory.php(61): Illuminate\Database\Connectors\MySqlConnector->connect(Array)
#3 [internal function]: Illuminate\Database\Connectors\ConnectionFactory->Illuminate\Database\Connectors\{closure}()
#4 C:\Users\christian\Desktop\test\rackcode\vendor\laravel\framework\src\Illuminate\Database\Connection.php(868): call_user_func(Object(Closure))
#5 C:\Users\christian\Desktop\test\rackcode\vendor\laravel\framework\src\Illuminate\Database\Connection.php(736): Illuminate\Database\Connection->getPdo()
#6 C:\Users\christian\Desktop\test\rackcode\vendor\laravel\framework\src\Illuminate\Database\Connection.php(621): Illuminate\Database\Connection->reconnectIfMissingConnection()
#7 C:\Users\christian\Desktop\test\rackcode\vendor\laravel\framework\src\Illuminate\Database\Connection.php(342): Illuminate\Database\Connection->run('select * from i...', Array, Object(Closure))
#8 C:\Users\christian\Desktop\test\rackcode\vendor\laravel\framework\src\Illuminate\Database\Schema\MySqlBuilder.php(21): Illuminate\Database\Connection->select('select * from i...', Array)
#9 C:\Users\christian\Desktop\test\rackcode\vendor\laravel\framework\src\Illuminate\Database\Migrations\DatabaseMigrationRepository.php(141): Illuminate\Database\Schema\MySqlBuilder->hasTable('migrations')
#10 C:\Users\christian\Desktop\test\rackcode\vendor\laravel\framework\src\Illuminate\Database\Migrations\Migrator.php(405): Illuminate\Database\Migrations\DatabaseMigrationRepository->repositoryExists()
#11 C:\Users\christian\Desktop\test\rackcode\vendor\laravel\framework\src\Illuminate\Database\Console\Migrations\MigrateCommand.php(103): Illuminate\Database\Migrations\Migrator->repositoryExists()
#12 C:\Users\christian\Desktop\test\rackcode\vendor\laravel\framework\src\Illuminate\Database\Console\Migrations\MigrateCommand.php(58): Illuminate\Database\Console\Migrations\MigrateCommand->prepareDatabase()
#13 [internal function]: Illuminate\Database\Console\Migrations\MigrateCommand->fire()
#14 C:\Users\christian\Desktop\test\rackcode\vendor\laravel\framework\src\Illuminate\Container\Container.php(507): call_user_func_array(Array, Array)
#15 C:\Users\christian\Desktop\test\rackcode\vendor\laravel\framework\src\Illuminate\Console\Command.php(169): Illuminate\Container\Container->call(Array)
#16 C:\Users\christian\Desktop\test\rackcode\vendor\symfony\console\Command\Command.php(256): Illuminate\Console\Command->execute(Object(Symfony\Component\Console\Input\ArgvInput), Object(Symfony\Component\Console\Output\ConsoleOutput))
#17 C:\Users\christian\Desktop\test\rackcode\vendor\laravel\framework\src\Illuminate\Console\Command.php(155): Symfony\Component\Console\Command\Command->run(Object(Symfony\Component\Console\Input\ArgvInput), Object(Symfony\Component\Console\Output\ConsoleOutput))
#18 C:\Users\christian\Desktop\test\rackcode\vendor\symfony\console\Application.php(791): Illuminate\Console\Command->run(Object(Symfony\Component\Console\Input\ArgvInput), Object(Symfony\Component\Console\Output\ConsoleOutput))
#19 C:\Users\christian\Desktop\test\rackcode\vendor\symfony\console\Application.php(186): Symfony\Component\Console\Application->doRunCommand(Object(Illuminate\Database\Console\Migrations\MigrateCommand), Object(Symfony\Component\Console\Input\ArgvInput), Object(Symfony\Component\Console\Output\ConsoleOutput))
#20 C:\Users\christian\Desktop\test\rackcode\vendor\symfony\console\Application.php(117): Symfony\Component\Console\Application->doRun(Object(Symfony\Component\Console\Input\ArgvInput), Object(Symfony\Component\Console\Output\ConsoleOutput))
#21 C:\Users\christian\Desktop\test\rackcode\vendor\laravel\framework\src\Illuminate\Foundation\Console\Kernel.php(107): Symfony\Component\Console\Application->run(Object(Symfony\Component\Console\Input\ArgvInput), Object(Symfony\Component\Console\Output\ConsoleOutput))
#22 C:\Users\christian\Desktop\test\rackcode\artisan(36): Illuminate\Foundation\Console\Kernel->handle(Object(Symfony\Component\Console\Input\ArgvInput), Object(Symfony\Component\Console\Output\ConsoleOutput))
#23 {main}  
[2016-04-16 18:49:32] local.ERROR: exception 'PDOException' with message 'SQLSTATE[HY000] [1045] Access denied for user 'root'@'localhost' (using password: YES)' in C:\Users\christian\Desktop\test\rackcode\vendor\laravel\framework\src\Illuminate\Database\Connectors\Connector.php:55
Stack trace:
#0 C:\Users\christian\Desktop\test\rackcode\vendor\laravel\framework\src\Illuminate\Database\Connectors\Connector.php(55): PDO->__construct('mysql:host=127....', 'root', 'root', Array)
#1 C:\Users\christian\Desktop\test\rackcode\vendor\laravel\framework\src\Illuminate\Database\Connectors\MySqlConnector.php(24): Illuminate\Database\Connectors\Connector->createConnection('mysql:host=127....', Array, Array)
#2 C:\Users\christian\Desktop\test\rackcode\vendor\laravel\framework\src\Illuminate\Database\Connectors\ConnectionFactory.php(61): Illuminate\Database\Connectors\MySqlConnector->connect(Array)
#3 [internal function]: Illuminate\Database\Connectors\ConnectionFactory->Illuminate\Database\Connectors\{closure}()
#4 C:\Users\christian\Desktop\test\rackcode\vendor\laravel\framework\src\Illuminate\Database\Connection.php(868): call_user_func(Object(Closure))
#5 C:\Users\christian\Desktop\test\rackcode\vendor\laravel\framework\src\Illuminate\Database\Connection.php(736): Illuminate\Database\Connection->getPdo()
#6 C:\Users\christian\Desktop\test\rackcode\vendor\laravel\framework\src\Illuminate\Database\Connection.php(621): Illuminate\Database\Connection->reconnectIfMissingConnection()
#7 C:\Users\christian\Desktop\test\rackcode\vendor\laravel\framework\src\Illuminate\Database\Connection.php(342): Illuminate\Database\Connection->run('select * from i...', Array, Object(Closure))
#8 C:\Users\christian\Desktop\test\rackcode\vendor\laravel\framework\src\Illuminate\Database\Schema\MySqlBuilder.php(21): Illuminate\Database\Connection->select('select * from i...', Array)
#9 C:\Users\christian\Desktop\test\rackcode\vendor\laravel\framework\src\Illuminate\Database\Migrations\DatabaseMigrationRepository.php(141): Illuminate\Database\Schema\MySqlBuilder->hasTable('migrations')
#10 C:\Users\christian\Desktop\test\rackcode\vendor\laravel\framework\src\Illuminate\Database\Migrations\Migrator.php(405): Illuminate\Database\Migrations\DatabaseMigrationRepository->repositoryExists()
#11 C:\Users\christian\Desktop\test\rackcode\vendor\laravel\framework\src\Illuminate\Database\Console\Migrations\MigrateCommand.php(103): Illuminate\Database\Migrations\Migrator->repositoryExists()
#12 C:\Users\christian\Desktop\test\rackcode\vendor\laravel\framework\src\Illuminate\Database\Console\Migrations\MigrateCommand.php(58): Illuminate\Database\Console\Migrations\MigrateCommand->prepareDatabase()
#13 [internal function]: Illuminate\Database\Console\Migrations\MigrateCommand->fire()
#14 C:\Users\christian\Desktop\test\rackcode\vendor\laravel\framework\src\Illuminate\Container\Container.php(507): call_user_func_array(Array, Array)
#15 C:\Users\christian\Desktop\test\rackcode\vendor\laravel\framework\src\Illuminate\Console\Command.php(169): Illuminate\Container\Container->call(Array)
#16 C:\Users\christian\Desktop\test\rackcode\vendor\symfony\console\Command\Command.php(256): Illuminate\Console\Command->execute(Object(Symfony\Component\Console\Input\ArgvInput), Object(Symfony\Component\Console\Output\ConsoleOutput))
#17 C:\Users\christian\Desktop\test\rackcode\vendor\laravel\framework\src\Illuminate\Console\Command.php(155): Symfony\Component\Console\Command\Command->run(Object(Symfony\Component\Console\Input\ArgvInput), Object(Symfony\Component\Console\Output\ConsoleOutput))
#18 C:\Users\christian\Desktop\test\rackcode\vendor\symfony\console\Application.php(791): Illuminate\Console\Command->run(Object(Symfony\Component\Console\Input\ArgvInput), Object(Symfony\Component\Console\Output\ConsoleOutput))
#19 C:\Users\christian\Desktop\test\rackcode\vendor\symfony\console\Application.php(186): Symfony\Component\Console\Application->doRunCommand(Object(Illuminate\Database\Console\Migrations\MigrateCommand), Object(Symfony\Component\Console\Input\ArgvInput), Object(Symfony\Component\Console\Output\ConsoleOutput))
#20 C:\Users\christian\Desktop\test\rackcode\vendor\symfony\console\Application.php(117): Symfony\Component\Console\Application->doRun(Object(Symfony\Component\Console\Input\ArgvInput), Object(Symfony\Component\Console\Output\ConsoleOutput))
#21 C:\Users\christian\Desktop\test\rackcode\vendor\laravel\framework\src\Illuminate\Foundation\Console\Kernel.php(107): Symfony\Component\Console\Application->run(Object(Symfony\Component\Console\Input\ArgvInput), Object(Symfony\Component\Console\Output\ConsoleOutput))
#22 C:\Users\christian\Desktop\test\rackcode\artisan(36): Illuminate\Foundation\Console\Kernel->handle(Object(Symfony\Component\Console\Input\ArgvInput), Object(Symfony\Component\Console\Output\ConsoleOutput))
#23 {main}  
[2016-04-16 18:49:53] local.ERROR: exception 'PDOException' with message 'SQLSTATE[HY000] [1045] Access denied for user 'root'@'localhost' (using password: YES)' in C:\Users\christian\Desktop\test\rackcode\vendor\laravel\framework\src\Illuminate\Database\Connectors\Connector.php:55
Stack trace:
#0 C:\Users\christian\Desktop\test\rackcode\vendor\laravel\framework\src\Illuminate\Database\Connectors\Connector.php(55): PDO->__construct('mysql:host=127....', 'root', 'root', Array)
#1 C:\Users\christian\Desktop\test\rackcode\vendor\laravel\framework\src\Illuminate\Database\Connectors\MySqlConnector.php(24): Illuminate\Database\Connectors\Connector->createConnection('mysql:host=127....', Array, Array)
#2 C:\Users\christian\Desktop\test\rackcode\vendor\laravel\framework\src\Illuminate\Database\Connectors\ConnectionFactory.php(61): Illuminate\Database\Connectors\MySqlConnector->connect(Array)
#3 [internal function]: Illuminate\Database\Connectors\ConnectionFactory->Illuminate\Database\Connectors\{closure}()
#4 C:\Users\christian\Desktop\test\rackcode\vendor\laravel\framework\src\Illuminate\Database\Connection.php(868): call_user_func(Object(Closure))
#5 C:\Users\christian\Desktop\test\rackcode\vendor\laravel\framework\src\Illuminate\Database\Connection.php(736): Illuminate\Database\Connection->getPdo()
#6 C:\Users\christian\Desktop\test\rackcode\vendor\laravel\framework\src\Illuminate\Database\Connection.php(621): Illuminate\Database\Connection->reconnectIfMissingConnection()
#7 C:\Users\christian\Desktop\test\rackcode\vendor\laravel\framework\src\Illuminate\Database\Connection.php(342): Illuminate\Database\Connection->run('select * from i...', Array, Object(Closure))
#8 C:\Users\christian\Desktop\test\rackcode\vendor\laravel\framework\src\Illuminate\Database\Schema\MySqlBuilder.php(21): Illuminate\Database\Connection->select('select * from i...', Array)
#9 C:\Users\christian\Desktop\test\rackcode\vendor\laravel\framework\src\Illuminate\Database\Migrations\DatabaseMigrationRepository.php(141): Illuminate\Database\Schema\MySqlBuilder->hasTable('migrations')
#10 C:\Users\christian\Desktop\test\rackcode\vendor\laravel\framework\src\Illuminate\Database\Migrations\Migrator.php(405): Illuminate\Database\Migrations\DatabaseMigrationRepository->repositoryExists()
#11 C:\Users\christian\Desktop\test\rackcode\vendor\laravel\framework\src\Illuminate\Database\Console\Migrations\MigrateCommand.php(103): Illuminate\Database\Migrations\Migrator->repositoryExists()
#12 C:\Users\christian\Desktop\test\rackcode\vendor\laravel\framework\src\Illuminate\Database\Console\Migrations\MigrateCommand.php(58): Illuminate\Database\Console\Migrations\MigrateCommand->prepareDatabase()
#13 [internal function]: Illuminate\Database\Console\Migrations\MigrateCommand->fire()
#14 C:\Users\christian\Desktop\test\rackcode\vendor\laravel\framework\src\Illuminate\Container\Container.php(507): call_user_func_array(Array, Array)
#15 C:\Users\christian\Desktop\test\rackcode\vendor\laravel\framework\src\Illuminate\Console\Command.php(169): Illuminate\Container\Container->call(Array)
#16 C:\Users\christian\Desktop\test\rackcode\vendor\symfony\console\Command\Command.php(256): Illuminate\Console\Command->execute(Object(Symfony\Component\Console\Input\ArgvInput), Object(Symfony\Component\Console\Output\ConsoleOutput))
#17 C:\Users\christian\Desktop\test\rackcode\vendor\laravel\framework\src\Illuminate\Console\Command.php(155): Symfony\Component\Console\Command\Command->run(Object(Symfony\Component\Console\Input\ArgvInput), Object(Symfony\Component\Console\Output\ConsoleOutput))
#18 C:\Users\christian\Desktop\test\rackcode\vendor\symfony\console\Application.php(791): Illuminate\Console\Command->run(Object(Symfony\Component\Console\Input\ArgvInput), Object(Symfony\Component\Console\Output\ConsoleOutput))
#19 C:\Users\christian\Desktop\test\rackcode\vendor\symfony\console\Application.php(186): Symfony\Component\Console\Application->doRunCommand(Object(Illuminate\Database\Console\Migrations\MigrateCommand), Object(Symfony\Component\Console\Input\ArgvInput), Object(Symfony\Component\Console\Output\ConsoleOutput))
#20 C:\Users\christian\Desktop\test\rackcode\vendor\symfony\console\Application.php(117): Symfony\Component\Console\Application->doRun(Object(Symfony\Component\Console\Input\ArgvInput), Object(Symfony\Component\Console\Output\ConsoleOutput))
#21 C:\Users\christian\Desktop\test\rackcode\vendor\laravel\framework\src\Illuminate\Foundation\Console\Kernel.php(107): Symfony\Component\Console\Application->run(Object(Symfony\Component\Console\Input\ArgvInput), Object(Symfony\Component\Console\Output\ConsoleOutput))
#22 C:\Users\christian\Desktop\test\rackcode\artisan(36): Illuminate\Foundation\Console\Kernel->handle(Object(Symfony\Component\Console\Input\ArgvInput), Object(Symfony\Component\Console\Output\ConsoleOutput))
#23 {main}  
[2016-04-16 19:06:26] local.ERROR: exception 'Symfony\Component\Console\Exception\CommandNotFoundException' with message 'Command "Gender.php" is not defined.' in C:\Users\christian\Desktop\test\rackcode\vendor\symfony\console\Application.php:512
Stack trace:
#0 C:\Users\christian\Desktop\test\rackcode\vendor\symfony\console\Application.php(183): Symfony\Component\Console\Application->find('Gender.php')
#1 C:\Users\christian\Desktop\test\rackcode\vendor\symfony\console\Application.php(117): Symfony\Component\Console\Application->doRun(Object(Symfony\Component\Console\Input\ArgvInput), Object(Symfony\Component\Console\Output\ConsoleOutput))
#2 C:\Users\christian\Desktop\test\rackcode\vendor\laravel\framework\src\Illuminate\Foundation\Console\Kernel.php(107): Symfony\Component\Console\Application->run(Object(Symfony\Component\Console\Input\ArgvInput), Object(Symfony\Component\Console\Output\ConsoleOutput))
#3 C:\Users\christian\Desktop\test\rackcode\artisan(36): Illuminate\Foundation\Console\Kernel->handle(Object(Symfony\Component\Console\Input\ArgvInput), Object(Symfony\Component\Console\Output\ConsoleOutput))
#4 {main}  
[2016-04-16 19:06:42] local.ERROR: exception 'Symfony\Component\Console\Exception\CommandNotFoundException' with message 'Command "Genre.php" is not defined.' in C:\Users\christian\Desktop\test\rackcode\vendor\symfony\console\Application.php:512
Stack trace:
#0 C:\Users\christian\Desktop\test\rackcode\vendor\symfony\console\Application.php(183): Symfony\Component\Console\Application->find('Genre.php')
#1 C:\Users\christian\Desktop\test\rackcode\vendor\symfony\console\Application.php(117): Symfony\Component\Console\Application->doRun(Object(Symfony\Component\Console\Input\ArgvInput), Object(Symfony\Component\Console\Output\ConsoleOutput))
#2 C:\Users\christian\Desktop\test\rackcode\vendor\laravel\framework\src\Illuminate\Foundation\Console\Kernel.php(107): Symfony\Component\Console\Application->run(Object(Symfony\Component\Console\Input\ArgvInput), Object(Symfony\Component\Console\Output\ConsoleOutput))
#3 C:\Users\christian\Desktop\test\rackcode\artisan(36): Illuminate\Foundation\Console\Kernel->handle(Object(Symfony\Component\Console\Input\ArgvInput), Object(Symfony\Component\Console\Output\ConsoleOutput))
#4 {main}  
[2016-04-16 20:25:37] local.ERROR: exception 'ErrorException' with message 'Missing argument 1 for Illuminate\Routing\Router::get(), called in C:\Users\christian\Desktop\test\rackcode\vendor\laravel\framework\src\Illuminate\Support\Facades\Facade.php on line 215 and defined' in C:\Users\christian\Desktop\test\rackcode\vendor\laravel\framework\src\Illuminate\Routing\Router.php:127
Stack trace:
#0 C:\Users\christian\Desktop\test\rackcode\vendor\laravel\framework\src\Illuminate\Routing\Router.php(127): Illuminate\Foundation\Bootstrap\HandleExceptions->handleError(2, 'Missing argumen...', 'C:\\Users\\christ...', 127, Array)
#1 C:\Users\christian\Desktop\test\rackcode\vendor\laravel\framework\src\Illuminate\Support\Facades\Facade.php(215): Illuminate\Routing\Router->get()
#2 C:\Users\christian\Desktop\test\rackcode\app\Http\routes.php(28): Illuminate\Support\Facades\Facade::__callStatic('get', Array)
#3 C:\Users\christian\Desktop\test\rackcode\app\Http\routes.php(28): Illuminate\Support\Facades\Route::get()
#4 C:\Users\christian\Desktop\test\rackcode\app\Providers\RouteServiceProvider.php(58): require('C:\\Users\\christ...')
#5 [internal function]: App\Providers\RouteServiceProvider->App\Providers\{closure}(Object(Illuminate\Routing\Router))
#6 C:\Users\christian\Desktop\test\rackcode\vendor\laravel\framework\src\Illuminate\Routing\Router.php(398): call_user_func(Object(Closure), Object(Illuminate\Routing\Router))
#7 C:\Users\christian\Desktop\test\rackcode\app\Providers\RouteServiceProvider.php(59): Illuminate\Routing\Router->group(Array, Object(Closure))
#8 C:\Users\christian\Desktop\test\rackcode\app\Providers\RouteServiceProvider.php(40): App\Providers\RouteServiceProvider->mapWebRoutes(Object(Illuminate\Routing\Router))
#9 [internal function]: App\Providers\RouteServiceProvider->map(Object(Illuminate\Routing\Router))
#10 C:\Users\christian\Desktop\test\rackcode\vendor\laravel\framework\src\Illuminate\Container\Container.php(507): call_user_func_array(Array, Array)
#11 C:\Users\christian\Desktop\test\rackcode\vendor\laravel\framework\src\Illuminate\Foundation\Support\Providers\RouteServiceProvider.php(72): Illuminate\Container\Container->call(Array)
#12 C:\Users\christian\Desktop\test\rackcode\vendor\laravel\framework\src\Illuminate\Foundation\Support\Providers\RouteServiceProvider.php(31): Illuminate\Foundation\Support\Providers\RouteServiceProvider->loadRoutes()
#13 C:\Users\christian\Desktop\test\rackcode\app\Providers\RouteServiceProvider.php(29): Illuminate\Foundation\Support\Providers\RouteServiceProvider->boot(Object(Illuminate\Routing\Router))
#14 [internal function]: App\Providers\RouteServiceProvider->boot(Object(Illuminate\Routing\Router))
#15 C:\Users\christian\Desktop\test\rackcode\vendor\laravel\framework\src\Illuminate\Container\Container.php(507): call_user_func_array(Array, Array)
#16 C:\Users\christian\Desktop\test\rackcode\vendor\laravel\framework\src\Illuminate\Foundation\Application.php(757): Illuminate\Container\Container->call(Array)
#17 C:\Users\christian\Desktop\test\rackcode\vendor\laravel\framework\src\Illuminate\Foundation\Application.php(740): Illuminate\Foundation\Application->bootProvider(Object(App\Providers\RouteServiceProvider))
#18 [internal function]: Illuminate\Foundation\Application->Illuminate\Foundation\{closure}(Object(App\Providers\RouteServiceProvider), 14)
#19 C:\Users\christian\Desktop\test\rackcode\vendor\laravel\framework\src\Illuminate\Foundation\Application.php(741): array_walk(Array, Object(Closure))
#20 C:\Users\christian\Desktop\test\rackcode\vendor\laravel\framework\src\Illuminate\Foundation\Bootstrap\BootProviders.php(17): Illuminate\Foundation\Application->boot()
#21 C:\Users\christian\Desktop\test\rackcode\vendor\laravel\framework\src\Illuminate\Foundation\Application.php(203): Illuminate\Foundation\Bootstrap\BootProviders->bootstrap(Object(Illuminate\Foundation\Application))
#22 C:\Users\christian\Desktop\test\rackcode\vendor\laravel\framework\src\Illuminate\Foundation\Console\Kernel.php(208): Illuminate\Foundation\Application->bootstrapWith(Array)
#23 C:\Users\christian\Desktop\test\rackcode\vendor\laravel\framework\src\Illuminate\Foundation\Console\Kernel.php(105): Illuminate\Foundation\Console\Kernel->bootstrap()
#24 C:\Users\christian\Desktop\test\rackcode\artisan(36): Illuminate\Foundation\Console\Kernel->handle(Object(Symfony\Component\Console\Input\ArgvInput), Object(Symfony\Component\Console\Output\ConsoleOutput))
#25 {main}  
